<?xml version="1.0" encoding="UTF-8"?>
<testng-results ignored="0" total="3" passed="3" failed="0" skipped="0">
  <reporter-output>
  </reporter-output>
  <suite started-at="2021-04-09T15:12:11 AWST" name="Default suite" finished-at="2021-04-09T15:13:33 AWST" duration-ms="81305">
    <groups>
      <group name="cucumber">
        <method signature="AbstractTestNGCucumberTests.runScenario(io.cucumber.testng.PickleWrapper, io.cucumber.testng.FeatureWrapper)[pri:0, instance:com.google.runner.GoogleRunner@2a54a73f]" name="runScenario" class="io.cucumber.testng.AbstractTestNGCucumberTests"/>
      </group> <!-- cucumber -->
    </groups>
    <test started-at="2021-04-09T15:12:11 AWST" name="Default test" finished-at="2021-04-09T15:13:33 AWST" duration-ms="81305">
      <class name="com.google.runner.GoogleRunner">
        <test-method is-config="true" signature="setUpClass()[pri:0, instance:com.google.runner.GoogleRunner@2a54a73f]" started-at="2021-04-09T15:12:11 AWST" name="setUpClass" finished-at="2021-04-09T15:12:13 AWST" duration-ms="1604" status="PASS">
          <reporter-output>
          </reporter-output>
        </test-method> <!-- setUpClass -->
        <test-method signature="runScenario(io.cucumber.testng.PickleWrapper, io.cucumber.testng.FeatureWrapper)[pri:0, instance:com.google.runner.GoogleRunner@2a54a73f]" started-at="2021-04-09T15:12:13 AWST" name="runScenario" description="Runs Cucumber Scenarios" data-provider="scenarios" finished-at="2021-04-09T15:12:43 AWST" duration-ms="29951" status="PASS">
          <params>
            <param index="0">
              <value>
                <![CDATA["Top stories section is available"]]>
              </value>
            </param>
            <param index="1">
              <value>
                <![CDATA["Optional[Validate Search feature]"]]>
              </value>
            </param>
          </params>
          <reporter-output>
          </reporter-output>
        </test-method> <!-- runScenario -->
        <test-method signature="runScenario(io.cucumber.testng.PickleWrapper, io.cucumber.testng.FeatureWrapper)[pri:0, instance:com.google.runner.GoogleRunner@2a54a73f]" started-at="2021-04-09T15:12:43 AWST" name="runScenario" description="Runs Cucumber Scenarios" data-provider="scenarios" finished-at="2021-04-09T15:12:59 AWST" duration-ms="15860" status="PASS">
          <params>
            <param index="0">
              <value>
                <![CDATA["Common questions section is available"]]>
              </value>
            </param>
            <param index="1">
              <value>
                <![CDATA["Optional[Validate Search feature]"]]>
              </value>
            </param>
          </params>
          <reporter-output>
          </reporter-output>
        </test-method> <!-- runScenario -->
        <test-method signature="runScenario(io.cucumber.testng.PickleWrapper, io.cucumber.testng.FeatureWrapper)[pri:0, instance:com.google.runner.GoogleRunner@2a54a73f]" started-at="2021-04-09T15:12:59 AWST" name="runScenario" description="Runs Cucumber Scenarios" data-provider="scenarios" finished-at="2021-04-09T15:13:23 AWST" duration-ms="24346" status="PASS">
          <params>
            <param index="0">
              <value>
                <![CDATA["Navigate to MOH Website"]]>
              </value>
            </param>
            <param index="1">
              <value>
                <![CDATA["Optional[Validate Search feature]"]]>
              </value>
            </param>
          </params>
          <reporter-output>
          </reporter-output>
        </test-method> <!-- runScenario -->
        <test-method is-config="true" signature="tearDownClass()[pri:0, instance:com.google.runner.GoogleRunner@2a54a73f]" started-at="2021-04-09T15:13:23 AWST" name="tearDownClass" finished-at="2021-04-09T15:13:33 AWST" duration-ms="9472" status="PASS">
          <reporter-output>
          </reporter-output>
        </test-method> <!-- tearDownClass -->
      </class> <!-- com.google.runner.GoogleRunner -->
    </test> <!-- Default test -->
  </suite> <!-- Default suite -->
</testng-results>
